<?xml version="1.0" encoding="UTF-8"?>
<testng-results skipped="0" failed="0" ignored="0" total="0" passed="0">
  <reporter-output>
  </reporter-output>
  <suite name="com.durgasoft.selenium.Selenium_Maven.AppTest" duration-ms="17" started-at="2018-06-18T05:47:53Z" finished-at="2018-06-18T05:47:53Z">
    <groups>
    </groups>
    <test name="Command line test" duration-ms="17" started-at="2018-06-18T05:47:53Z" finished-at="2018-06-18T05:47:53Z">
    </test> <!-- Command line test -->
  </suite> <!-- com.durgasoft.selenium.Selenium_Maven.AppTest -->
</testng-results>
