<?xml version="1.0" encoding="UTF-8"?>
<!-- Generated by org.testng.reporters.JUnitXMLReporter -->
<testsuite hostname="SELENIUM" ignored="0" name="Default test" tests="4" failures="0" timestamp="26 Jul 2018 04:52:00 GMT" time="1.044" errors="0">
  <testcase name="test" time="0.036" classname="com.durgasoft.selenium.excel.MapWithDataProvider"/>
  <testcase name="test" time="0.006" classname="com.durgasoft.selenium.excel.MapWithDataProvider"/>
  <testcase name="test" time="0.004" classname="com.durgasoft.selenium.excel.MapWithDataProvider"/>
  <testcase name="test" time="0.005" classname="com.durgasoft.selenium.excel.MapWithDataProvider"/>
</testsuite> <!-- Default test -->
